<?xml version="1.0" encoding="UTF-8"?>
<!-- Generated by org.testng.reporters.JUnitReportReporter -->
<testsuite hostname="LIN-PF1TL17Q" failures="0" tests="1" name="SelenTut.tests.ErrorValidationsTest" time="11.857" errors="0" timestamp="2024-04-09T23:49:40 IST" skipped="0">
  <testcase classname="SelenTut.tests.ErrorValidationsTest" name="LoginErrorValidation" time="11.857"/>
</testsuite> <!-- SelenTut.tests.ErrorValidationsTest -->
