<?xml version="1.0" encoding="UTF-8"?>
<!-- Generated by org.testng.reporters.JUnitReportReporter -->
<testsuite hostname="LIN-PF1TL17Q" failures="0" tests="3" name="test.day4" time="0.012" errors="0" timestamp="2024-04-04T10:47:23 IST" skipped="0">
  <testcase classname="test.day4" name="LoginAPIHomeLoan" time="0.004"/>
  <system-out/>
  <testcase classname="test.day4" name="WebloginHomeLoan" time="0.004"/>
  <system-out/>
  <testcase classname="test.day4" name="MobileloginHomeLoan" time="0.004"/>
  <system-out/>
</testsuite> <!-- test.day4 -->
