<?xml version="1.0" encoding="UTF-8"?>
<!-- Generated by org.testng.reporters.JUnitReportReporter -->
<testsuite hostname="LIN-PF1TL17Q" failures="0" tests="6" name="test.day3" time="0.049" errors="0" timestamp="2024-04-04T10:47:23 IST" skipped="1">
  <testcase classname="test.day3" name="MobilesignoutcarLoan" time="0.005"/>
  <system-out/>
  <testcase classname="test.day3" name="MobilesignoutcarLoan" time="0.008"/>
  <system-out/>
  <testcase classname="test.day3" name="MobilesignoutcarLoan" time="0.008"/>
  <system-out/>
  <testcase classname="test.day3" name="MobileloginCarLoan" time="0.020"/>
  <system-out/>
  <testcase classname="test.day3" name="WebloginCarLoan" time="0.008"/>
  <system-out/>
  <testcase classname="test.day3" name="MobilesigninCarLoan">
    <skipped/>
  </testcase> <!-- MobilesigninCarLoan -->
  <system-out/>
</testsuite> <!-- test.day3 -->
