<?xml version="1.0" encoding="UTF-8"?>
<!-- Generated by org.testng.reporters.JUnitReportReporter -->
<testsuite hostname="LIN-PF1TL17Q" failures="0" tests="1" name="test.day2" time="0.003" errors="0" timestamp="2024-04-04T10:47:23 IST" skipped="0">
  <testcase classname="test.day2" name="ploan" time="0.003"/>
  <system-out/>
</testsuite> <!-- test.day2 -->
